INFO:root:=======================================
INFO:root:[0, 3, 5, 7, 10]abracadabra
DEBUG:root:gotcha
INFO:root:[1, 3, 6, 8, 10, 13, 15]kajabbamajabbajab
DEBUG:root:gotcha
INFO:root:=======================================
INFO:root:[0, 1, 2, 3, 4]auaau
DEBUG:root:gotcha
INFO:root:[0, 1, 2, 3, 4]iiiii
DEBUG:root:gotcha
INFO:root:[0, 1, 7, 8, 9]uezjrfyiue
DEBUG:root:gotcha
INFO:root:[0, 2, 4, 5, 6, 7, 8, 9, 10, 11, 12, 14, 16, 17, 18]asasooeioeeuasasooe
DEBUG:root:gotcha
INFO:root:[0, 1, 2, 3, 4]aauaa
DEBUG:root:gotcha
INFO:root:[1, 3, 5, 7, 9, 10, 11, 13, 15, 17]felajixidoiifelajix
DEBUG:root:gotcha
INFO:root:[0, 1, 2, 3, 4, 5]ueuaue
DEBUG:root:gotcha
INFO:root:[0, 1, 3, 6, 7, 8, 9, 10, 11, 12, 14, 17, 18, 19]uopuwqeuooiuopuwqeuo
DEBUG:root:gotcha
INFO:root:[0, 1, 2, 5, 6, 7, 10, 11, 12, 13, 16, 17, 18]iuujdoaolyiiuujdoaol
DEBUG:root:gotcha
INFO:root:[0, 1, 2, 3, 6, 7, 8]ioaothioa
DEBUG:root:gotcha
INFO:root:[0, 1, 2, 4, 6, 7, 8, 9, 11]uaobujauaobu
DEBUG:root:gotcha
INFO:root:[2, 3, 4, 5, 6, 9, 10, 11, 12]zwiaiuezwiaiu
DEBUG:root:gotcha
INFO:root:[0, 1, 3, 4, 5, 7, 10, 11, 13, 14]ievueimevsievue
DEBUG:root:gotcha
INFO:root:[0, 1, 2, 3, 9, 10, 12, 13, 14, 15]ieoiqnynheoqieoiqnyn
DEBUG:root:gotcha
INFO:root:[1, 2, 3, 5, 6, 8, 9, 10, 12]siuataosiuata
DEBUG:root:gotcha
INFO:root:[0, 1, 2, 3, 4, 6, 7]aueuuyau
DEBUG:root:gotcha
INFO:root:[0, 1, 2, 3, 4, 5, 6, 7, 8, 9]aiuoiiouai
DEBUG:root:gotcha
INFO:root:[2, 4, 5, 7, 9, 10, 13, 15, 16, 18]vtekiakaraavtekiakar
DEBUG:root:gotcha
INFO:root:[0, 1, 2, 4, 5, 8, 10, 11, 12, 13, 15, 16, 19]eaaroevdazoeaaroevda
DEBUG:root:gotcha
INFO:root:[1, 2, 3, 4, 7, 8, 9, 12, 13, 14, 15]mueuecyiiovmueuecy
DEBUG:root:gotcha
INFO:root:[0, 2, 4, 9, 10, 12, 14]arojopvmsaarojopv
DEBUG:root:gotcha
INFO:root:[1, 3, 4, 7, 9, 10]repeatrepeat
DEBUG:root:gotcha
INFO:root:[0, 2, 3, 4, 5, 6, 7, 10, 12, 14, 16, 17, 18]eraoouuawnoxoseraoo
DEBUG:root:gotcha
INFO:root:[0, 1, 2, 3, 4, 5, 6, 7, 8, 9, 10, 11, 12, 13, 14, 15]uiieuaouuoauiieu
DEBUG:root:gotcha
INFO:root:[0, 1, 2, 3, 4, 12, 13, 14, 15, 16, 17]iuaaupmpjhmgeiuaau
DEBUG:root:gotcha
INFO:root:[0, 1, 2, 5, 8, 9, 10, 11, 14]oeozniwheoeozni
DEBUG:root:gotcha
INFO:root:[0, 1, 2, 3, 5, 6, 9, 10, 11, 12, 13, 14, 16, 17]oaiereapleuoaierea
DEBUG:root:gotcha
INFO:root:[0, 1, 2, 3, 4, 5, 6, 7, 8, 9, 10, 11, 12, 13, 14, 15, 16]euuiioaeaiuoeuuii
DEBUG:root:gotcha
INFO:root:[0, 1, 2, 3, 4, 6, 8, 10, 11, 12, 13, 14, 15, 17, 19]eaauexacugeeaauexacu
DEBUG:root:gotcha
INFO:root:[0, 1, 2, 3, 5, 7, 8]aeeoqeyae
DEBUG:root:gotcha
INFO:root:[0, 1, 5, 8, 9, 13, 15, 17, 18, 19]uompqawnaoflhukumouo
DEBUG:root:gotcha
INFO:root:[0, 1, 2, 3, 4, 5, 6, 7, 8, 9, 10, 11, 12, 13, 14, 15, 16, 17, 18, 19]aaaaaaaaaaaaaaaaaaaa
DEBUG:root:gotcha
INFO:root:[5, 8, 9, 16, 19]qwctcovxeagqwctcovxe
DEBUG:root:gotcha
INFO:root:[0, 1, 2, 3, 4, 5, 6, 7, 8, 10, 11, 12, 13, 14, 15, 16, 17, 18]aeooauaoayuaeooauao
DEBUG:root:gotcha
INFO:root:[0, 1, 4, 6, 9, 11, 13, 16, 17]uitbexazlusofacnui
DEBUG:root:gotcha
INFO:root:[15, 16, 17, 18, 19]zzzzzzzzzzzzzzzaaaaa
DEBUG:root:gotcha
INFO:root:[4, 6, 7, 8, 9, 14, 16, 17]bccledaioibccledai
DEBUG:root:gotcha
INFO:root:[0, 3, 5, 7, 10]abracadabra
DEBUG:root:gotcha
INFO:root:[0, 1, 2, 3, 4]ooooo
DEBUG:root:gotcha
INFO:root:[0, 1, 2, 3, 4]eeeee
DEBUG:root:gotcha
INFO:root:[0, 2, 3, 4, 9, 10, 12, 13]uvuieltsmiuvui
DEBUG:root:gotcha
INFO:root:[0, 1, 3, 7, 10, 11, 13]iabavrbutpiabavr
DEBUG:root:gotcha
INFO:root:[0, 1, 2, 3, 4, 5, 6, 7, 8, 9, 10]aaaaaaaaaaa
DEBUG:root:gotcha
INFO:root:[0, 1, 2, 4, 5, 6, 7, 8]iaowuuiao
DEBUG:root:gotcha
INFO:root:[0, 1, 2, 3, 7, 10, 12, 14, 15, 16, 17, 18, 19]ioiedflutnibixoaioie
DEBUG:root:gotcha
INFO:root:[0, 1, 2, 3, 4, 5, 8, 9, 10, 11]oaooiotweoao
DEBUG:root:gotcha
INFO:root:[0, 1, 2, 3, 6, 7]uaoaqbua
DEBUG:root:gotcha
INFO:root:[0, 1, 2, 3, 4]uuuuu
DEBUG:root:gotcha
INFO:root:[0, 1, 2, 3, 4]aaaaazzzzzzzzzzzzzzz
DEBUG:root:gotcha
INFO:root:[0, 2, 3, 4, 5, 6, 7, 8, 9, 11, 12, 13, 14, 15]izoiuiuuoizoiuiu
DEBUG:root:gotcha
INFO:root:[2, 4, 5, 6, 7, 8, 11, 15, 17, 18, 19]pkejoooaorbabpkejooo
DEBUG:root:gotcha
INFO:root:[2, 3, 5, 11, 12, 15, 16]xfuurirwtcbiaxfuu
DEBUG:root:gotcha
INFO:root:[0, 1, 2, 3, 5, 9, 10, 11, 12]iaoudavmziaou
DEBUG:root:gotcha
INFO:root:[0, 1, 3, 4, 5, 6, 8, 10, 11, 12, 14, 15, 16, 17, 19]aulooaananiaulooaana
DEBUG:root:gotcha
INFO:root:[1, 3, 5, 7, 9]yadayayada
DEBUG:root:gotcha
INFO:root:[1, 2, 4, 5, 6, 9, 10, 12, 13, 15, 16, 17]daufueaybuedaufuea
DEBUG:root:gotcha
INFO:root:[0, 1, 2, 3, 4, 5, 6, 7, 8, 9, 10, 11, 12, 13]aioeioeaauaioe
DEBUG:root:gotcha
INFO:root:[4, 7, 9, 15, 18]vllraxvewamvllraxve
DEBUG:root:gotcha
INFO:root:[1, 2, 6, 7, 8, 9, 13, 14, 17, 18]qeijlviooifrsoikqei
DEBUG:root:gotcha
INFO:root:[1, 3, 6, 8, 10, 13, 15]kajabbamajabbajab
DEBUG:root:gotcha
INFO:root:[0, 1, 2, 3, 4, 5, 6, 7, 8, 10, 11, 12, 13, 14, 15, 16, 17]oiaeuaaeefuaaeuioi
DEBUG:root:gotcha
INFO:root:[1, 3, 5, 7, 9]yadayadada
DEBUG:root:gotcha
INFO:root:[0, 1, 2, 3, 4]auaua
DEBUG:root:gotcha
INFO:root:[1, 3, 4, 6, 7, 8, 9, 10, 12, 14, 15, 17, 18, 19]yopaorouaeuyopaoroua
DEBUG:root:gotcha
INFO:root:[1, 2, 3, 5, 6, 8, 10, 11, 12, 14, 15]zuuiyeetizuuiyee
DEBUG:root:gotcha
INFO:root:[0, 8, 9, 10, 18]uxxxxxxxieuxxxxxxti
INFO:root:[0, 1, 2, 9, 10]aaofsnqhqaa
DEBUG:root:gotcha
INFO:root:[0, 1, 2, 18, 19]aeizzzzzzzzzzzzzzzae
DEBUG:root:gotcha
INFO:root:[0, 1, 2, 3, 4]aaaaa
DEBUG:root:gotcha
INFO:root:[1, 2, 4, 6, 7]giefogief
DEBUG:root:gotcha
INFO:root:=======================================
INFO:root:[0, 3, 5, 7, 10]abracadabra
INFO:root:1: abra == bracadabra
DEBUG:root:gotcha
INFO:root:[1, 3, 6, 8, 10, 13, 15]kajabbamajabbajab
INFO:root:2: aja == jabbamajabbajab
DEBUG:root:gotcha
INFO:root:=======================================
INFO:root:[0, 1, 2, 3, 4]auaau
INFO:root:1: au == uaau
DEBUG:root:gotcha
INFO:root:[0, 1, 2, 3, 4]iiiii
INFO:root:2: ii == iiii
DEBUG:root:gotcha
INFO:root:[0, 1, 7, 8, 9]uezjrfyiue
INFO:root:5: ue == ezjrfyiue
DEBUG:root:gotcha
INFO:root:[0, 2, 4, 5, 6, 7, 8, 9, 10, 11, 12, 14, 16, 17, 18]asasooeioeeuasasooe
INFO:root:6: asa == sasooeioeeuasasooe
DEBUG:root:gotcha
INFO:root:[0, 1, 2, 3, 4]aauaa
INFO:root:7: aa == auaa
DEBUG:root:gotcha
INFO:root:[1, 3, 5, 7, 9, 10, 11, 13, 15, 17]felajixidoiifelajix
INFO:root:8: ela == lajixidoiifelajix
DEBUG:root:gotcha
INFO:root:[0, 1, 2, 3, 4, 5]ueuaue
INFO:root:9: ue == euaue
DEBUG:root:gotcha
INFO:root:[0, 1, 3, 6, 7, 8, 9, 10, 11, 12, 14, 17, 18, 19]uopuwqeuooiuopuwqeuo
INFO:root:10: uo == opuwqeuooiuopuwqeuo
DEBUG:root:gotcha
INFO:root:[0, 1, 2, 5, 6, 7, 10, 11, 12, 13, 16, 17, 18]iuujdoaolyiiuujdoaol
INFO:root:11: iu == uujdoaolyiiuujdoaol
DEBUG:root:gotcha
INFO:root:[0, 1, 2, 3, 6, 7, 8]ioaothioa
INFO:root:12: io == oaothioa
DEBUG:root:gotcha
INFO:root:[0, 1, 2, 4, 6, 7, 8, 9, 11]uaobujauaobu
INFO:root:13: ua == aobujauaobu
DEBUG:root:gotcha
INFO:root:[2, 3, 4, 5, 6, 9, 10, 11, 12]zwiaiuezwiaiu
INFO:root:15: ia == aiuezwiaiu
DEBUG:root:gotcha
INFO:root:[0, 1, 3, 4, 5, 7, 10, 11, 13, 14]ievueimevsievue
INFO:root:16: ie == evueimevsievue
DEBUG:root:gotcha
INFO:root:[0, 1, 2, 3, 9, 10, 12, 13, 14, 15]ieoiqnynheoqieoiqnyn
INFO:root:17: ie == eoiqnynheoqieoiqnyn
DEBUG:root:gotcha
INFO:root:[1, 2, 3, 5, 6, 8, 9, 10, 12]siuataosiuata
INFO:root:20: iu == uataosiuata
DEBUG:root:gotcha
INFO:root:[0, 1, 2, 3, 4, 6, 7]aueuuyau
INFO:root:21: au == ueuuyau
DEBUG:root:gotcha
INFO:root:[0, 1, 2, 3, 4, 5, 6, 7, 8, 9]aiuoiiouai
INFO:root:24: ai == iuoiiouai
DEBUG:root:gotcha
INFO:root:[2, 4, 5, 7, 9, 10, 13, 15, 16, 18]vtekiakaraavtekiakar
INFO:root:26: eki == kiakaraavtekiakar
DEBUG:root:gotcha
INFO:root:[0, 1, 2, 4, 5, 8, 10, 11, 12, 13, 15, 16, 19]eaaroevdazoeaaroevda
INFO:root:28: ea == aaroevdazoeaaroevda
DEBUG:root:gotcha
INFO:root:[1, 2, 3, 4, 7, 8, 9, 12, 13, 14, 15]mueuecyiiovmueuecy
INFO:root:31: ue == euecyiiovmueuecy
DEBUG:root:gotcha
INFO:root:[0, 2, 4, 9, 10, 12, 14]arojopvmsaarojopv
INFO:root:33: aro == rojopvmsaarojopv
DEBUG:root:gotcha
INFO:root:[1, 3, 4, 7, 9, 10]repeatrepeat
INFO:root:34: epe == peatrepeat
DEBUG:root:gotcha
INFO:root:[0, 2, 3, 4, 5, 6, 7, 10, 12, 14, 16, 17, 18]eraoouuawnoxoseraoo
INFO:root:35: era == raoouuawnoxoseraoo
DEBUG:root:gotcha
INFO:root:[0, 1, 2, 3, 4, 5, 6, 7, 8, 9, 10, 11, 12, 13, 14, 15]uiieuaouuoauiieu
INFO:root:36: ui == iieuaouuoauiieu
DEBUG:root:gotcha
INFO:root:[0, 1, 2, 3, 4, 12, 13, 14, 15, 16, 17]iuaaupmpjhmgeiuaau
INFO:root:38: iu == uaaupmpjhmgeiuaau
DEBUG:root:gotcha
INFO:root:[0, 1, 2, 5, 8, 9, 10, 11, 14]oeozniwheoeozni
INFO:root:39: oe == eozniwheoeozni
DEBUG:root:gotcha
INFO:root:[0, 1, 2, 3, 5, 6, 9, 10, 11, 12, 13, 14, 16, 17]oaiereapleuoaierea
INFO:root:43: oa == aiereapleuoaierea
DEBUG:root:gotcha
INFO:root:[0, 1, 2, 3, 4, 5, 6, 7, 8, 9, 10, 11, 12, 13, 14, 15, 16]euuiioaeaiuoeuuii
INFO:root:44: eu == uuiioaeaiuoeuuii
DEBUG:root:gotcha
INFO:root:[0, 1, 2, 3, 4, 6, 8, 10, 11, 12, 13, 14, 15, 17, 19]eaauexacugeeaauexacu
INFO:root:45: ea == aauexacugeeaauexacu
DEBUG:root:gotcha
INFO:root:[0, 1, 2, 3, 5, 7, 8]aeeoqeyae
INFO:root:46: ae == eeoqeyae
DEBUG:root:gotcha
INFO:root:[0, 1, 5, 8, 9, 13, 15, 17, 18, 19]uompqawnaoflhukumouo
INFO:root:48: uo == ompqawnaoflhukumouo
DEBUG:root:gotcha
INFO:root:[0, 1, 2, 3, 4, 5, 6, 7, 8, 9, 10, 11, 12, 13, 14, 15, 16, 17, 18, 19]aaaaaaaaaaaaaaaaaaaa
INFO:root:49: aa == aaaaaaaaaaaaaaaaaaa
DEBUG:root:gotcha
INFO:root:[5, 8, 9, 16, 19]qwctcovxeagqwctcovxe
INFO:root:50: ovxe == vxeagqwctcovxe
DEBUG:root:gotcha
INFO:root:[0, 1, 2, 3, 4, 5, 6, 7, 8, 10, 11, 12, 13, 14, 15, 16, 17, 18]aeooauaoayuaeooauao
INFO:root:51: ae == eooauaoayuaeooauao
DEBUG:root:gotcha
INFO:root:[0, 1, 4, 6, 9, 11, 13, 16, 17]uitbexazlusofacnui
INFO:root:52: ui == itbexazlusofacnui
DEBUG:root:gotcha
INFO:root:[15, 16, 17, 18, 19]zzzzzzzzzzzzzzzaaaaa
INFO:root:53: aa == aaaa
DEBUG:root:gotcha
INFO:root:[4, 6, 7, 8, 9, 14, 16, 17]bccledaioibccledai
INFO:root:55: eda == daioibccledai
DEBUG:root:gotcha
INFO:root:[0, 3, 5, 7, 10]abracadabra
INFO:root:56: abra == bracadabra
DEBUG:root:gotcha
INFO:root:[0, 1, 2, 3, 4]ooooo
INFO:root:57: oo == oooo
DEBUG:root:gotcha
INFO:root:[0, 1, 2, 3, 4]eeeee
INFO:root:58: ee == eeee
DEBUG:root:gotcha
INFO:root:[0, 2, 3, 4, 9, 10, 12, 13]uvuieltsmiuvui
INFO:root:59: uvu == vuieltsmiuvui
DEBUG:root:gotcha
INFO:root:[0, 1, 3, 7, 10, 11, 13]iabavrbutpiabavr
INFO:root:61: ia == abavrbutpiabavr
DEBUG:root:gotcha
INFO:root:[0, 1, 2, 3, 4, 5, 6, 7, 8, 9, 10]aaaaaaaaaaa
INFO:root:64: aa == aaaaaaaaaa
DEBUG:root:gotcha
INFO:root:[0, 1, 2, 4, 5, 6, 7, 8]iaowuuiao
INFO:root:65: ia == aowuuiao
DEBUG:root:gotcha
INFO:root:[0, 1, 2, 3, 7, 10, 12, 14, 15, 16, 17, 18, 19]ioiedflutnibixoaioie
INFO:root:66: io == oiedflutnibixoaioie
DEBUG:root:gotcha
INFO:root:[0, 1, 2, 3, 4, 5, 8, 9, 10, 11]oaooiotweoao
INFO:root:67: oa == aooiotweoao
DEBUG:root:gotcha
INFO:root:[0, 1, 2, 3, 6, 7]uaoaqbua
INFO:root:68: ua == aoaqbua
DEBUG:root:gotcha
INFO:root:[0, 1, 2, 3, 4]uuuuu
INFO:root:69: uu == uuuu
DEBUG:root:gotcha
INFO:root:[0, 1, 2, 3, 4]aaaaazzzzzzzzzzzzzzz
INFO:root:70: aa == aaaazzzzzzzzzzzzzzz
DEBUG:root:gotcha
INFO:root:[0, 2, 3, 4, 5, 6, 7, 8, 9, 11, 12, 13, 14, 15]izoiuiuuoizoiuiu
INFO:root:71: izo == zoiuiuuoizoiuiu
DEBUG:root:gotcha
INFO:root:[2, 4, 5, 6, 7, 8, 11, 15, 17, 18, 19]pkejoooaorbabpkejooo
INFO:root:72: ejo == joooaorbabpkejooo
DEBUG:root:gotcha
INFO:root:[2, 3, 5, 11, 12, 15, 16]xfuurirwtcbiaxfuu
INFO:root:73: uu == urirwtcbiaxfuu
DEBUG:root:gotcha
INFO:root:[0, 1, 2, 3, 5, 9, 10, 11, 12]iaoudavmziaou
INFO:root:75: ia == aoudavmziaou
DEBUG:root:gotcha
INFO:root:[0, 1, 3, 4, 5, 6, 8, 10, 11, 12, 14, 15, 16, 17, 19]aulooaananiaulooaana
INFO:root:76: au == ulooaananiaulooaana
DEBUG:root:gotcha
INFO:root:[1, 3, 5, 7, 9]yadayayada
INFO:root:77: ada == dayayada
DEBUG:root:gotcha
INFO:root:[1, 2, 4, 5, 6, 9, 10, 12, 13, 15, 16, 17]daufueaybuedaufuea
INFO:root:78: au == ufueaybuedaufuea
DEBUG:root:gotcha
INFO:root:[0, 1, 2, 3, 4, 5, 6, 7, 8, 9, 10, 11, 12, 13]aioeioeaauaioe
INFO:root:79: ai == ioeioeaauaioe
DEBUG:root:gotcha
INFO:root:[4, 7, 9, 15, 18]vllraxvewamvllraxve
INFO:root:84: axve == xvewamvllraxve
DEBUG:root:gotcha
INFO:root:[1, 2, 6, 7, 8, 9, 13, 14, 17, 18]qeijlviooifrsoikqei
INFO:root:86: ei == ijlviooifrsoikqei
DEBUG:root:gotcha
INFO:root:[1, 3, 6, 8, 10, 13, 15]kajabbamajabbajab
INFO:root:87: aja == jabbamajabbajab
DEBUG:root:gotcha
INFO:root:[0, 1, 2, 3, 4, 5, 6, 7, 8, 10, 11, 12, 13, 14, 15, 16, 17]oiaeuaaeefuaaeuioi
INFO:root:88: oi == iaeuaaeefuaaeuioi
DEBUG:root:gotcha
INFO:root:[1, 3, 5, 7, 9]yadayadada
INFO:root:90: ada == dayadada
DEBUG:root:gotcha
INFO:root:[0, 1, 2, 3, 4]auaua
INFO:root:91: au == uaua
DEBUG:root:gotcha
INFO:root:[1, 3, 4, 6, 7, 8, 9, 10, 12, 14, 15, 17, 18, 19]yopaorouaeuyopaoroua
INFO:root:92: opa == paorouaeuyopaoroua
DEBUG:root:gotcha
INFO:root:[1, 2, 3, 5, 6, 8, 10, 11, 12, 14, 15]zuuiyeetizuuiyee
INFO:root:93: uu == uiyeetizuuiyee
DEBUG:root:gotcha
INFO:root:[0, 8, 9, 10, 18]uxxxxxxxieuxxxxxxti
INFO:root:94: uxxxxxxxi == xxxxxxxieuxxxxxxti
INFO:root:94: ie == euxxxxxxti
INFO:root:[0, 1, 2, 9, 10]aaofsnqhqaa
INFO:root:95: aa == aofsnqhqaa
DEBUG:root:gotcha
INFO:root:[0, 1, 2, 18, 19]aeizzzzzzzzzzzzzzzae
INFO:root:98: ae == eizzzzzzzzzzzzzzzae
DEBUG:root:gotcha
INFO:root:[0, 1, 2, 3, 4]aaaaa
INFO:root:99: aa == aaaa
DEBUG:root:gotcha
INFO:root:[1, 2, 4, 6, 7]giefogief
INFO:root:100: ie == efogief
DEBUG:root:gotcha
INFO:root:=======================================
INFO:root:[0, 3, 5, 7, 10]abracadabra
INFO:root:1: abra == bracadabra
DEBUG:root:gotcha
INFO:root:[1, 3, 6, 8, 10, 13, 15]kajabbamajabbajab
INFO:root:2: aja == jabbamajabbajab
DEBUG:root:gotcha
INFO:root:=======================================
INFO:root:[0, 1, 2, 3, 4]auaau
INFO:root:1: au == uaau
DEBUG:root:gotcha
INFO:root:[0, 1, 2, 3, 4]iiiii
INFO:root:2: ii == iiii
DEBUG:root:gotcha
INFO:root:[0, 1, 7, 8, 9]uezjrfyiue
INFO:root:5: ue == ezjrfyiue
DEBUG:root:gotcha
INFO:root:[0, 2, 4, 5, 6, 7, 8, 9, 10, 11, 12, 14, 16, 17, 18]asasooeioeeuasasooe
INFO:root:6: asa == sasooeioeeuasasooe
DEBUG:root:gotcha
INFO:root:[0, 1, 2, 3, 4]aauaa
INFO:root:7: aa == auaa
DEBUG:root:gotcha
INFO:root:[1, 3, 5, 7, 9, 10, 11, 13, 15, 17]felajixidoiifelajix
INFO:root:8: ela == lajixidoiifelajix
DEBUG:root:gotcha
INFO:root:[0, 1, 2, 3, 4, 5]ueuaue
INFO:root:9: ue == euaue
DEBUG:root:gotcha
INFO:root:[0, 1, 3, 6, 7, 8, 9, 10, 11, 12, 14, 17, 18, 19]uopuwqeuooiuopuwqeuo
INFO:root:10: uo == opuwqeuooiuopuwqeuo
DEBUG:root:gotcha
INFO:root:[0, 1, 2, 5, 6, 7, 10, 11, 12, 13, 16, 17, 18]iuujdoaolyiiuujdoaol
INFO:root:11: iu == uujdoaolyiiuujdoaol
DEBUG:root:gotcha
INFO:root:[0, 1, 2, 3, 6, 7, 8]ioaothioa
INFO:root:12: io == oaothioa
DEBUG:root:gotcha
INFO:root:[0, 1, 2, 4, 6, 7, 8, 9, 11]uaobujauaobu
INFO:root:13: ua == aobujauaobu
DEBUG:root:gotcha
INFO:root:[2, 3, 4, 5, 6, 9, 10, 11, 12]zwiaiuezwiaiu
INFO:root:15: ia == aiuezwiaiu
DEBUG:root:gotcha
INFO:root:[0, 1, 3, 4, 5, 7, 10, 11, 13, 14]ievueimevsievue
INFO:root:16: ie == evueimevsievue
DEBUG:root:gotcha
INFO:root:[0, 1, 2, 3, 9, 10, 12, 13, 14, 15]ieoiqnynheoqieoiqnyn
INFO:root:17: ie == eoiqnynheoqieoiqnyn
DEBUG:root:gotcha
INFO:root:[1, 2, 3, 5, 6, 8, 9, 10, 12]siuataosiuata
INFO:root:20: iu == uataosiuata
DEBUG:root:gotcha
INFO:root:[0, 1, 2, 3, 4, 6, 7]aueuuyau
INFO:root:21: au == ueuuyau
DEBUG:root:gotcha
INFO:root:[0, 1, 2, 3, 4, 5, 6, 7, 8, 9]aiuoiiouai
INFO:root:24: ai == iuoiiouai
DEBUG:root:gotcha
INFO:root:[2, 4, 5, 7, 9, 10, 13, 15, 16, 18]vtekiakaraavtekiakar
INFO:root:26: eki == kiakaraavtekiakar
DEBUG:root:gotcha
INFO:root:[0, 1, 2, 4, 5, 8, 10, 11, 12, 13, 15, 16, 19]eaaroevdazoeaaroevda
INFO:root:28: ea == aaroevdazoeaaroevda
DEBUG:root:gotcha
INFO:root:[1, 2, 3, 4, 7, 8, 9, 12, 13, 14, 15]mueuecyiiovmueuecy
INFO:root:31: ue == euecyiiovmueuecy
DEBUG:root:gotcha
INFO:root:[0, 2, 4, 9, 10, 12, 14]arojopvmsaarojopv
INFO:root:33: aro == rojopvmsaarojopv
DEBUG:root:gotcha
INFO:root:[1, 3, 4, 7, 9, 10]repeatrepeat
INFO:root:34: epe == peatrepeat
DEBUG:root:gotcha
INFO:root:[0, 2, 3, 4, 5, 6, 7, 10, 12, 14, 16, 17, 18]eraoouuawnoxoseraoo
INFO:root:35: era == raoouuawnoxoseraoo
DEBUG:root:gotcha
INFO:root:[0, 1, 2, 3, 4, 5, 6, 7, 8, 9, 10, 11, 12, 13, 14, 15]uiieuaouuoauiieu
INFO:root:36: ui == iieuaouuoauiieu
DEBUG:root:gotcha
INFO:root:[0, 1, 2, 3, 4, 12, 13, 14, 15, 16, 17]iuaaupmpjhmgeiuaau
INFO:root:38: iu == uaaupmpjhmgeiuaau
DEBUG:root:gotcha
INFO:root:[0, 1, 2, 5, 8, 9, 10, 11, 14]oeozniwheoeozni
INFO:root:39: oe == eozniwheoeozni
DEBUG:root:gotcha
INFO:root:[0, 1, 2, 3, 5, 6, 9, 10, 11, 12, 13, 14, 16, 17]oaiereapleuoaierea
INFO:root:43: oa == aiereapleuoaierea
DEBUG:root:gotcha
INFO:root:[0, 1, 2, 3, 4, 5, 6, 7, 8, 9, 10, 11, 12, 13, 14, 15, 16]euuiioaeaiuoeuuii
INFO:root:44: eu == uuiioaeaiuoeuuii
DEBUG:root:gotcha
INFO:root:[0, 1, 2, 3, 4, 6, 8, 10, 11, 12, 13, 14, 15, 17, 19]eaauexacugeeaauexacu
INFO:root:45: ea == aauexacugeeaauexacu
DEBUG:root:gotcha
INFO:root:[0, 1, 2, 3, 5, 7, 8]aeeoqeyae
INFO:root:46: ae == eeoqeyae
DEBUG:root:gotcha
INFO:root:[0, 1, 5, 8, 9, 13, 15, 17, 18, 19]uompqawnaoflhukumouo
INFO:root:48: uo == ompqawnaoflhukumouo
DEBUG:root:gotcha
INFO:root:[0, 1, 2, 3, 4, 5, 6, 7, 8, 9, 10, 11, 12, 13, 14, 15, 16, 17, 18, 19]aaaaaaaaaaaaaaaaaaaa
INFO:root:49: aa == aaaaaaaaaaaaaaaaaaa
DEBUG:root:gotcha
INFO:root:[5, 8, 9, 16, 19]qwctcovxeagqwctcovxe
INFO:root:50: ovxe == vxeagqwctcovxe
DEBUG:root:gotcha
INFO:root:[0, 1, 2, 3, 4, 5, 6, 7, 8, 10, 11, 12, 13, 14, 15, 16, 17, 18]aeooauaoayuaeooauao
INFO:root:51: ae == eooauaoayuaeooauao
DEBUG:root:gotcha
INFO:root:[0, 1, 4, 6, 9, 11, 13, 16, 17]uitbexazlusofacnui
INFO:root:52: ui == itbexazlusofacnui
DEBUG:root:gotcha
INFO:root:[15, 16, 17, 18, 19]zzzzzzzzzzzzzzzaaaaa
INFO:root:53: aa == aaaa
DEBUG:root:gotcha
INFO:root:[4, 6, 7, 8, 9, 14, 16, 17]bccledaioibccledai
INFO:root:55: eda == daioibccledai
DEBUG:root:gotcha
INFO:root:[0, 3, 5, 7, 10]abracadabra
INFO:root:56: abra == bracadabra
DEBUG:root:gotcha
INFO:root:[0, 1, 2, 3, 4]ooooo
INFO:root:57: oo == oooo
DEBUG:root:gotcha
INFO:root:[0, 1, 2, 3, 4]eeeee
INFO:root:58: ee == eeee
DEBUG:root:gotcha
INFO:root:[0, 2, 3, 4, 9, 10, 12, 13]uvuieltsmiuvui
INFO:root:59: uvu == vuieltsmiuvui
DEBUG:root:gotcha
INFO:root:[0, 1, 3, 7, 10, 11, 13]iabavrbutpiabavr
INFO:root:61: ia == abavrbutpiabavr
DEBUG:root:gotcha
INFO:root:[0, 1, 2, 3, 4, 5, 6, 7, 8, 9, 10]aaaaaaaaaaa
INFO:root:64: aa == aaaaaaaaaa
DEBUG:root:gotcha
INFO:root:[0, 1, 2, 4, 5, 6, 7, 8]iaowuuiao
INFO:root:65: ia == aowuuiao
DEBUG:root:gotcha
INFO:root:[0, 1, 2, 3, 7, 10, 12, 14, 15, 16, 17, 18, 19]ioiedflutnibixoaioie
INFO:root:66: io == oiedflutnibixoaioie
DEBUG:root:gotcha
INFO:root:[0, 1, 2, 3, 4, 5, 8, 9, 10, 11]oaooiotweoao
INFO:root:67: oa == aooiotweoao
DEBUG:root:gotcha
INFO:root:[0, 1, 2, 3, 6, 7]uaoaqbua
INFO:root:68: ua == aoaqbua
DEBUG:root:gotcha
INFO:root:[0, 1, 2, 3, 4]uuuuu
INFO:root:69: uu == uuuu
DEBUG:root:gotcha
INFO:root:[0, 1, 2, 3, 4]aaaaazzzzzzzzzzzzzzz
INFO:root:70: aa == aaaazzzzzzzzzzzzzzz
DEBUG:root:gotcha
INFO:root:[0, 2, 3, 4, 5, 6, 7, 8, 9, 11, 12, 13, 14, 15]izoiuiuuoizoiuiu
INFO:root:71: izo == zoiuiuuoizoiuiu
DEBUG:root:gotcha
INFO:root:[2, 4, 5, 6, 7, 8, 11, 15, 17, 18, 19]pkejoooaorbabpkejooo
INFO:root:72: ejo == joooaorbabpkejooo
DEBUG:root:gotcha
INFO:root:[2, 3, 5, 11, 12, 15, 16]xfuurirwtcbiaxfuu
INFO:root:73: uu == urirwtcbiaxfuu
DEBUG:root:gotcha
INFO:root:[0, 1, 2, 3, 5, 9, 10, 11, 12]iaoudavmziaou
INFO:root:75: ia == aoudavmziaou
DEBUG:root:gotcha
INFO:root:[0, 1, 3, 4, 5, 6, 8, 10, 11, 12, 14, 15, 16, 17, 19]aulooaananiaulooaana
INFO:root:76: au == ulooaananiaulooaana
DEBUG:root:gotcha
INFO:root:[1, 3, 5, 7, 9]yadayayada
INFO:root:77: ada == dayayada
DEBUG:root:gotcha
INFO:root:[1, 2, 4, 5, 6, 9, 10, 12, 13, 15, 16, 17]daufueaybuedaufuea
INFO:root:78: au == ufueaybuedaufuea
DEBUG:root:gotcha
INFO:root:[0, 1, 2, 3, 4, 5, 6, 7, 8, 9, 10, 11, 12, 13]aioeioeaauaioe
INFO:root:79: ai == ioeioeaauaioe
DEBUG:root:gotcha
INFO:root:[4, 7, 9, 15, 18]vllraxvewamvllraxve
INFO:root:84: axve == xvewamvllraxve
DEBUG:root:gotcha
INFO:root:[1, 2, 6, 7, 8, 9, 13, 14, 17, 18]qeijlviooifrsoikqei
INFO:root:86: ei == ijlviooifrsoikqei
DEBUG:root:gotcha
INFO:root:[1, 3, 6, 8, 10, 13, 15]kajabbamajabbajab
INFO:root:87: aja == jabbamajabbajab
DEBUG:root:gotcha
INFO:root:[0, 1, 2, 3, 4, 5, 6, 7, 8, 10, 11, 12, 13, 14, 15, 16, 17]oiaeuaaeefuaaeuioi
INFO:root:88: oi == iaeuaaeefuaaeuioi
DEBUG:root:gotcha
INFO:root:[1, 3, 5, 7, 9]yadayadada
INFO:root:90: ada == dayadada
DEBUG:root:gotcha
INFO:root:[0, 1, 2, 3, 4]auaua
INFO:root:91: au == uaua
INFO:root:91: ua == aua
INFO:root:[1, 3, 4, 6, 7, 8, 9, 10, 12, 14, 15, 17, 18, 19]yopaorouaeuyopaoroua
INFO:root:92: opa == paorouaeuyopaoroua
DEBUG:root:gotcha
INFO:root:[1, 2, 3, 5, 6, 8, 10, 11, 12, 14, 15]zuuiyeetizuuiyee
INFO:root:93: uu == uiyeetizuuiyee
DEBUG:root:gotcha
INFO:root:[0, 8, 9, 10, 18]uxxxxxxxieuxxxxxxti
INFO:root:94: uxxxxxxxi == xxxxxxxieuxxxxxxti
INFO:root:94: ie == euxxxxxxti
INFO:root:[0, 1, 2, 9, 10]aaofsnqhqaa
INFO:root:95: aa == aofsnqhqaa
DEBUG:root:gotcha
INFO:root:[0, 1, 2, 18, 19]aeizzzzzzzzzzzzzzzae
INFO:root:98: ae == eizzzzzzzzzzzzzzzae
DEBUG:root:gotcha
INFO:root:[0, 1, 2, 3, 4]aaaaa
INFO:root:99: aa == aaaa
DEBUG:root:gotcha
INFO:root:[1, 2, 4, 6, 7]giefogief
INFO:root:100: ie == efogief
DEBUG:root:gotcha
INFO:root:=======================================
INFO:root:[0, 1, 2, 3, 4]auaau
INFO:root:1: au == au
DEBUG:root:gotcha
INFO:root:[0, 1, 2, 3, 4]iiiii
INFO:root:2: ii == ii
DEBUG:root:gotcha
INFO:root:[0, 1, 7, 8, 9]uezjrfyiue
INFO:root:5: ue == ue
DEBUG:root:gotcha
INFO:root:[0, 2, 4, 5, 6, 7, 8, 9, 10, 11, 12, 14, 16, 17, 18]asasooeioeeuasasooe
INFO:root:6: asa == oeioeeuasasooe
DEBUG:root:gotcha
INFO:root:[0, 1, 2, 3, 4]aauaa
INFO:root:7: aa == aa
DEBUG:root:gotcha
INFO:root:[1, 3, 5, 7, 9, 10, 11, 13, 15, 17]felajixidoiifelajix
INFO:root:8: ela == xidoiifelajix
DEBUG:root:gotcha
INFO:root:[0, 1, 2, 3, 4, 5]ueuaue
INFO:root:9: ue == aue
DEBUG:root:gotcha
INFO:root:[0, 1, 3, 6, 7, 8, 9, 10, 11, 12, 14, 17, 18, 19]uopuwqeuooiuopuwqeuo
INFO:root:10: uo == wqeuooiuopuwqeuo
DEBUG:root:gotcha
INFO:root:[0, 1, 2, 5, 6, 7, 10, 11, 12, 13, 16, 17, 18]iuujdoaolyiiuujdoaol
INFO:root:11: iu == jdoaolyiiuujdoaol
DEBUG:root:gotcha
INFO:root:[0, 1, 2, 3, 6, 7, 8]ioaothioa
INFO:root:12: io == othioa
DEBUG:root:gotcha
INFO:root:[0, 1, 2, 4, 6, 7, 8, 9, 11]uaobujauaobu
INFO:root:13: ua == bujauaobu
DEBUG:root:gotcha
INFO:root:[2, 3, 4, 5, 6, 9, 10, 11, 12]zwiaiuezwiaiu
INFO:root:15: ia == uezwiaiu
DEBUG:root:gotcha
INFO:root:[0, 1, 3, 4, 5, 7, 10, 11, 13, 14]ievueimevsievue
INFO:root:16: ie == eimevsievue
DEBUG:root:gotcha
INFO:root:[0, 1, 2, 3, 9, 10, 12, 13, 14, 15]ieoiqnynheoqieoiqnyn
INFO:root:17: ie == iqnynheoqieoiqnyn
DEBUG:root:gotcha
INFO:root:[1, 2, 3, 5, 6, 8, 9, 10, 12]siuataosiuata
INFO:root:20: iu == taosiuata
DEBUG:root:gotcha
INFO:root:[0, 1, 2, 3, 4, 6, 7]aueuuyau
INFO:root:21: au == uuyau
DEBUG:root:gotcha
INFO:root:[0, 1, 2, 3, 4, 5, 6, 7, 8, 9]aiuoiiouai
INFO:root:24: ai == oiiouai
DEBUG:root:gotcha
INFO:root:[2, 4, 5, 7, 9, 10, 13, 15, 16, 18]vtekiakaraavtekiakar
INFO:root:26: eki == karaavtekiakar
DEBUG:root:gotcha
INFO:root:[0, 1, 2, 4, 5, 8, 10, 11, 12, 13, 15, 16, 19]eaaroevdazoeaaroevda
INFO:root:28: ea == roevdazoeaaroevda
DEBUG:root:gotcha
INFO:root:[1, 2, 3, 4, 7, 8, 9, 12, 13, 14, 15]mueuecyiiovmueuecy
INFO:root:31: ue == ecyiiovmueuecy
DEBUG:root:gotcha
INFO:root:[0, 2, 4, 9, 10, 12, 14]arojopvmsaarojopv
INFO:root:33: aro == pvmsaarojopv
DEBUG:root:gotcha
INFO:root:[1, 3, 4, 7, 9, 10]repeatrepeat
INFO:root:34: epe == trepeat
DEBUG:root:gotcha
INFO:root:[0, 2, 3, 4, 5, 6, 7, 10, 12, 14, 16, 17, 18]eraoouuawnoxoseraoo
INFO:root:35: era == ouuawnoxoseraoo
DEBUG:root:gotcha
INFO:root:[0, 1, 2, 3, 4, 5, 6, 7, 8, 9, 10, 11, 12, 13, 14, 15]uiieuaouuoauiieu
INFO:root:36: ui == euaouuoauiieu
DEBUG:root:gotcha
INFO:root:[0, 1, 2, 3, 4, 12, 13, 14, 15, 16, 17]iuaaupmpjhmgeiuaau
INFO:root:38: iu == aupmpjhmgeiuaau
DEBUG:root:gotcha
INFO:root:[0, 1, 2, 5, 8, 9, 10, 11, 14]oeozniwheoeozni
INFO:root:39: oe == zniwheoeozni
DEBUG:root:gotcha
INFO:root:[0, 1, 2, 3, 5, 6, 9, 10, 11, 12, 13, 14, 16, 17]oaiereapleuoaierea
INFO:root:43: oa == ereapleuoaierea
DEBUG:root:gotcha
INFO:root:[0, 1, 2, 3, 4, 5, 6, 7, 8, 9, 10, 11, 12, 13, 14, 15, 16]euuiioaeaiuoeuuii
INFO:root:44: eu == iioaeaiuoeuuii
DEBUG:root:gotcha
INFO:root:[0, 1, 2, 3, 4, 6, 8, 10, 11, 12, 13, 14, 15, 17, 19]eaauexacugeeaauexacu
INFO:root:45: ea == uexacugeeaauexacu
DEBUG:root:gotcha
INFO:root:[0, 1, 2, 3, 5, 7, 8]aeeoqeyae
INFO:root:46: ae == oqeyae
DEBUG:root:gotcha
INFO:root:[0, 1, 5, 8, 9, 13, 15, 17, 18, 19]uompqawnaoflhukumouo
INFO:root:48: uo == wnaoflhukumouo
DEBUG:root:gotcha
INFO:root:[0, 1, 2, 3, 4, 5, 6, 7, 8, 9, 10, 11, 12, 13, 14, 15, 16, 17, 18, 19]aaaaaaaaaaaaaaaaaaaa
INFO:root:49: aa == aaaaaaaaaaaaaaaaa
DEBUG:root:gotcha
INFO:root:[5, 8, 9, 16, 19]qwctcovxeagqwctcovxe
INFO:root:50: ovxe == gqwctcovxe
DEBUG:root:gotcha
INFO:root:[0, 1, 2, 3, 4, 5, 6, 7, 8, 10, 11, 12, 13, 14, 15, 16, 17, 18]aeooauaoayuaeooauao
INFO:root:51: ae == oauaoayuaeooauao
DEBUG:root:gotcha
INFO:root:[0, 1, 4, 6, 9, 11, 13, 16, 17]uitbexazlusofacnui
INFO:root:52: ui == xazlusofacnui
DEBUG:root:gotcha
INFO:root:[15, 16, 17, 18, 19]zzzzzzzzzzzzzzzaaaaa
INFO:root:53: aa == aa
DEBUG:root:gotcha
INFO:root:[4, 6, 7, 8, 9, 14, 16, 17]bccledaioibccledai
INFO:root:55: eda == oibccledai
DEBUG:root:gotcha
INFO:root:[0, 3, 5, 7, 10]abracadabra
INFO:root:56: abra == dabra
DEBUG:root:gotcha
INFO:root:[0, 1, 2, 3, 4]ooooo
INFO:root:57: oo == oo
DEBUG:root:gotcha
INFO:root:[0, 1, 2, 3, 4]eeeee
INFO:root:58: ee == ee
DEBUG:root:gotcha
INFO:root:[0, 2, 3, 4, 9, 10, 12, 13]uvuieltsmiuvui
INFO:root:59: uvu == eltsmiuvui
DEBUG:root:gotcha
INFO:root:[0, 1, 3, 7, 10, 11, 13]iabavrbutpiabavr
INFO:root:61: ia == vrbutpiabavr
DEBUG:root:gotcha
INFO:root:[0, 1, 2, 3, 4, 5, 6, 7, 8, 9, 10]aaaaaaaaaaa
INFO:root:64: aa == aaaaaaaa
DEBUG:root:gotcha
INFO:root:[0, 1, 2, 4, 5, 6, 7, 8]iaowuuiao
INFO:root:65: ia == wuuiao
DEBUG:root:gotcha
INFO:root:[0, 1, 2, 3, 7, 10, 12, 14, 15, 16, 17, 18, 19]ioiedflutnibixoaioie
INFO:root:66: io == edflutnibixoaioie
DEBUG:root:gotcha
INFO:root:[0, 1, 2, 3, 4, 5, 8, 9, 10, 11]oaooiotweoao
INFO:root:67: oa == oiotweoao
DEBUG:root:gotcha
INFO:root:[0, 1, 2, 3, 6, 7]uaoaqbua
INFO:root:68: ua == aqbua
DEBUG:root:gotcha
INFO:root:[0, 1, 2, 3, 4]uuuuu
INFO:root:69: uu == uu
DEBUG:root:gotcha
INFO:root:[0, 1, 2, 3, 4]aaaaazzzzzzzzzzzzzzz
INFO:root:70: aa == aazzzzzzzzzzzzzzz
DEBUG:root:gotcha
INFO:root:[0, 2, 3, 4, 5, 6, 7, 8, 9, 11, 12, 13, 14, 15]izoiuiuuoizoiuiu
INFO:root:71: izo == uiuuoizoiuiu
DEBUG:root:gotcha
INFO:root:[2, 4, 5, 6, 7, 8, 11, 15, 17, 18, 19]pkejoooaorbabpkejooo
INFO:root:72: ejo == oaorbabpkejooo
DEBUG:root:gotcha
INFO:root:[2, 3, 5, 11, 12, 15, 16]xfuurirwtcbiaxfuu
INFO:root:73: uu == rwtcbiaxfuu
DEBUG:root:gotcha
INFO:root:[0, 1, 2, 3, 5, 9, 10, 11, 12]iaoudavmziaou
INFO:root:75: ia == udavmziaou
DEBUG:root:gotcha
INFO:root:[0, 1, 3, 4, 5, 6, 8, 10, 11, 12, 14, 15, 16, 17, 19]aulooaananiaulooaana
INFO:root:76: au == oaananiaulooaana
DEBUG:root:gotcha
INFO:root:[1, 3, 5, 7, 9]yadayayada
INFO:root:77: ada == yada
DEBUG:root:gotcha
INFO:root:[1, 2, 4, 5, 6, 9, 10, 12, 13, 15, 16, 17]daufueaybuedaufuea
INFO:root:78: au == eaybuedaufuea
DEBUG:root:gotcha
INFO:root:[0, 1, 2, 3, 4, 5, 6, 7, 8, 9, 10, 11, 12, 13]aioeioeaauaioe
INFO:root:79: ai == eioeaauaioe
DEBUG:root:gotcha
INFO:root:[4, 7, 9, 15, 18]vllraxvewamvllraxve
INFO:root:84: axve == mvllraxve
DEBUG:root:gotcha
INFO:root:[1, 2, 6, 7, 8, 9, 13, 14, 17, 18]qeijlviooifrsoikqei
INFO:root:86: ei == ooifrsoikqei
DEBUG:root:gotcha
INFO:root:[1, 3, 6, 8, 10, 13, 15]kajabbamajabbajab
INFO:root:87: aja == majabbajab
DEBUG:root:gotcha
INFO:root:[0, 1, 2, 3, 4, 5, 6, 7, 8, 10, 11, 12, 13, 14, 15, 16, 17]oiaeuaaeefuaaeuioi
INFO:root:88: oi == euaaeefuaaeuioi
DEBUG:root:gotcha
INFO:root:[1, 3, 5, 7, 9]yadayadada
INFO:root:90: ada == dada
DEBUG:root:gotcha
INFO:root:[0, 1, 2, 3, 4]auaua
INFO:root:91: au == ua
INFO:root:91: ua == a
INFO:root:[1, 3, 4, 6, 7, 8, 9, 10, 12, 14, 15, 17, 18, 19]yopaorouaeuyopaoroua
INFO:root:92: opa == rouaeuyopaoroua
DEBUG:root:gotcha
INFO:root:[1, 2, 3, 5, 6, 8, 10, 11, 12, 14, 15]zuuiyeetizuuiyee
INFO:root:93: uu == yeetizuuiyee
DEBUG:root:gotcha
INFO:root:[0, 8, 9, 10, 18]uxxxxxxxieuxxxxxxti
INFO:root:94: uxxxxxxxi == uxxxxxxti
INFO:root:94: ie == xxxxxxti
INFO:root:[0, 1, 2, 9, 10]aaofsnqhqaa
INFO:root:95: aa == fsnqhqaa
DEBUG:root:gotcha
INFO:root:[0, 1, 2, 18, 19]aeizzzzzzzzzzzzzzzae
INFO:root:98: ae == zzzzzzzzzzzzzzzae
DEBUG:root:gotcha
INFO:root:[0, 1, 2, 3, 4]aaaaa
INFO:root:99: aa == aa
DEBUG:root:gotcha
INFO:root:[1, 2, 4, 6, 7]giefogief
INFO:root:100: ie == gief
DEBUG:root:gotcha
INFO:root:=======================================
INFO:root:[2, 3, 5, 6, 11, 20, 23, 26, 27]xfaoyauvkjzaylnwbqwkesquxfaoy
INFO:root:1: ao == uvkjzaylnwbqwkesquxfaoy
DEBUG:root:gotcha
INFO:root:[0,
 1,
 2,
 3,
 4,
 5,
 6,
 7,
 8,
 9,
 10,
 11,
 12,
 13,
 14,
 15,
 16,
 26,
 28,
 47,
 56,
 60,
 65,
 70,
 71,
 72,
 73,
 74,
 75,
 76,
 77,
 78,
 79,
 80,
 81,
 82,
 83,
 84,
 85,
 86]oouiiauaioaeeiueuxstrhzztsotefczfggxfswmjmntdjsovdgplqlkoqjkuxkpwoypjkoouiiauaioaeeiueu
INFO:root:4: oo == iiauaioaeeiueuxstrhzztsotefczfggxfswmjmntdjsovdgplqlkoqjkuxkpwoypjkoouiiauaioaeeiueu
DEBUG:root:gotcha
INFO:root:[2, 3, 12, 15, 48, 56, 67, 68]hvuenzwkzzngezyacvbyyrldftxdtzdhrfcpdsbrqtcxghdjujsccthwicdxhwqhvhvue
INFO:root:5: ue == zyacvbyyrldftxdtzdhrfcpdsbrqtcxghdjujsccthwicdxhwqhvhvue
DEBUG:root:gotcha
INFO:root:[0, 1, 2, 3, 4]auaua
INFO:root:6: au == ua
INFO:root:6: ua == a
INFO:root:[0, 1, 2, 98, 99]aeizzzzzzzzzzzzzzzzzzzzzzzzzzzzzzzzzzzzzzzzzzzzzzzzzzzzzzzzzzzzzzzzzzzzzzzzzzzzzzzzzzzzzzzzzzzzzzzae
INFO:root:7: ae == zzzzzzzzzzzzzzzzzzzzzzzzzzzzzzzzzzzzzzzzzzzzzzzzzzzzzzzzzzzzzzzzzzzzzzzzzzzzzzzzzzzzzzzzzzzzzzzae
DEBUG:root:gotcha
INFO:root:[1,
 2,
 3,
 4,
 5,
 6,
 8,
 15,
 16,
 17,
 18,
 25,
 26,
 28,
 30,
 31,
 32,
 33,
 35,
 44,
 45,
 50,
 52,
 56,
 57,
 58,
 59,
 60,
 61,
 63,
 70,
 71,
 72,
 73,
 80,
 81,
 83,
 85,
 86,
 87,
 88,
 90]zeiieuubuvshjsnieiowxyqbxoutopiouumehxndlmpcuavymsijednzeiieuubuvshjsnieiowxyqbxoutopiouumehxndlm
INFO:root:10: ei == euubuvshjsnieiowxyqbxoutopiouumehxndlmpcuavymsijednzeiieuubuvshjsnieiowxyqbxoutopiouumehxndlm
DEBUG:root:gotcha
INFO:root:[5, 6, 8, 9, 10, 11, 17, 18]pvfwyuitaaiupvfwyuit
INFO:root:11: ui == aiupvfwyuit
DEBUG:root:gotcha
INFO:root:[0, 1, 2, 3, 4]uuuuu
INFO:root:12: uu == uu
DEBUG:root:gotcha
INFO:root:[0,
 1,
 2,
 3,
 4,
 6,
 8,
 9,
 10,
 11,
 12,
 14,
 18,
 20,
 23,
 24,
 25,
 27,
 30,
 31,
 32,
 33,
 36,
 39,
 42,
 43,
 44,
 45,
 46,
 47,
 49,
 55,
 56,
 57,
 58,
 59,
 60]oooaosapeueaufubjhemawluuakenpaaaekwumqickaeiaiutosfzhbaeoooa
INFO:root:13: oo == aosapeueaufubjhemawluuakenpaaaekwumqickaeiaiutosfzhbaeoooa
DEBUG:root:gotcha
INFO:root:[0,
 4,
 6,
 16,
 18,
 20,
 26,
 27,
 32,
 34,
 35,
 36,
 37,
 38,
 39,
 40,
 41,
 42,
 44,
 46,
 47,
 48,
 49,
 50,
 53,
 54,
 55,
 57,
 58,
 59,
 63,
 65,
 75,
 77,
 79,
 85,
 86,
 91]eltduqivhllyhpvkiqerabnhjvuepfyrajoeoeaioiobimaoeearxaeiboeeltduqivhllyhpvkiqerabnhjvuepfyraj
INFO:root:14: eltdu == vhllyhpvkiqerabnhjvuepfyrajoeoeaioiobimaoeearxaeiboeeltduqivhllyhpvkiqerabnhjvuepfyraj
DEBUG:root:gotcha
INFO:root:[0,
 1,
 3,
 5,
 7,
 8,
 10,
 13,
 14,
 15,
 17,
 18,
 19,
 20,
 21,
 22,
 23,
 24,
 25,
 26,
 27,
 29,
 30,
 32,
 33,
 34,
 39,
 40,
 41,
 43,
 45,
 46,
 47,
 49,
 51,
 53,
 54,
 56,
 59,
 60,
 61,
 63,
 64,
 65,
 66,
 67,
 68,
 69,
 70,
 71,
 72,
 73,
 75,
 76,
 78,
 79,
 80,
 85,
 86,
 87]aikiruneoxagroeulooiuaiouoeafaofueoxttxaiarivaaikiruneoxagroeulooiuaiouoeafaofueoxttxaiar
INFO:root:15: ai == runeoxagroeulooiuaiouoeafaofueoxttxaiarivaaikiruneoxagroeulooiuaiouoeafaofueoxttxaiar
DEBUG:root:gotcha
INFO:root:[1,
 2,
 3,
 4,
 5,
 6,
 7,
 8,
 9,
 10,
 11,
 12,
 13,
 14,
 15,
 16,
 17,
 18,
 19,
 21,
 23,
 24,
 25,
 26,
 27,
 28,
 29,
 30,
 31,
 32,
 33,
 34,
 35,
 36,
 37,
 38,
 39,
 41,
 42,
 43,
 44,
 45,
 46,
 47,
 48,
 50,
 52,
 53,
 54,
 55,
 56,
 57,
 58,
 59,
 60,
 61,
 62,
 63,
 64,
 65,
 66,
 67,
 68,
 69,
 70,
 72,
 74,
 75,
 76,
 77,
 78,
 79,
 80,
 81,
 82,
 83,
 84,
 85,
 86,
 87,
 88,
 89,
 90,
 92,
 93,
 94,
 95,
 96,
 97,
 98]faiaouiuouuoaueiioiabilueeoaauioiiiououamueaoueoarofaiaouiuouuoaueiioiabilueeoaauioiiiououamueaoueo
INFO:root:17: ai == ouiuouuoaueiioiabilueeoaauioiiiououamueaoueoarofaiaouiuouuoaueiioiabilueeoaauioiiiououamueaoueo
DEBUG:root:gotcha
INFO:root:[1, 3, 5, 7, 9]yadayayada
INFO:root:18: ada == yada
DEBUG:root:gotcha
INFO:root:[8, 19, 33, 34, 35, 36, 37, 38, 39, 40, 41, 42, 43, 44, 45, 46, 55, 66, 80]zwqypgmbepvmxbvpftbokjtyfztsddryfiuaoeoouieeoeezwqypgmbepvmxbvpftbokjtyfztsddryfi
INFO:root:20: epvmxbvpftbo == uaoeoouieeoeezwqypgmbepvmxbvpftbokjtyfztsddryfi
DEBUG:root:gotcha
INFO:root:[0,
 1,
 2,
 3,
 4,
 5,
 6,
 7,
 8,
 9,
 10,
 11,
 12,
 13,
 14,
 15,
 16,
 17,
 18,
 19,
 20,
 21,
 22,
 23,
 24,
 25,
 26,
 27,
 28,
 29,
 30,
 31,
 32,
 33,
 34,
 35,
 36,
 37,
 38,
 39,
 41,
 42,
 43,
 44,
 45,
 47,
 48,
 49,
 50,
 51,
 52]ieiaooueoaaiiouaaeiuaiuueeaaoaaioeaooaiemoiuiidiiiiei
INFO:root:21: ie == aooueoaaiiouaaeiuaiuueeaaoaaioeaooaiemoiuiidiiiiei
DEBUG:root:gotcha
INFO:root:[4, 5, 13, 22, 29, 30, 31, 48, 55, 61, 62]tfpboerkjzlnlazwzlrcmlihybcxtaeestrmcnsjzqdmvckkilkkynjaltfpboerkjzl
INFO:root:25: oe == zwzlrcmlihybcxtaeestrmcnsjzqdmvckkilkkynjaltfpboerkjzl
DEBUG:root:gotcha
INFO:root:[4, 7, 10, 12, 20, 23, 35, 38, 41, 51, 56, 59, 62, 64, 72, 75, 87]ggjrogmoqbizaxhsfwvhohqatkhsvvkkpkkinzalmubdvgjcppbuggjrogmoqbizaxhsfwvhohqatkhsvvkkpkki
INFO:root:26: ogmo == zaxhsfwvhohqatkhsvvkkpkkinzalmubdvgjcppbuggjrogmoqbizaxhsfwvhohqatkhsvvkkpkki
DEBUG:root:gotcha
INFO:root:[5, 9, 10, 14, 74, 78, 79]gmlvfaylvuuqzgorsmdsnvmjlstrypmskthhqhkmnrdrwhqqwnygcxbnkdlhgybkyrcymgmlvfaylvuu
INFO:root:27: aylvu == qzgorsmdsnvmjlstrypmskthhqhkmnrdrwhqqwnygcxbnkdlhgybkyrcymgmlvfaylvuu
DEBUG:root:gotcha
INFO:root:[0,
 1,
 3,
 4,
 7,
 8,
 9,
 10,
 11,
 13,
 14,
 15,
 16,
 17,
 18,
 19,
 20,
 21,
 23,
 24,
 25,
 26,
 27,
 28,
 29,
 30,
 32,
 33,
 35,
 36,
 38,
 39,
 40,
 41,
 43,
 45,
 46,
 47,
 48,
 49,
 50,
 51,
 53,
 54,
 55,
 57,
 59,
 60,
 62,
 63,
 66]uegeoxzeeeionoaaeiiaaohuiuoeoaonaigioloiaocamuioooaegaoiyaquegeoxze
INFO:root:28: ue == oxzeeeionoaaeiiaaohuiuoeoaonaigioloiaocamuioooaegaoiyaquegeoxze
DEBUG:root:gotcha
INFO:root:[2, 4, 13, 14, 15, 16, 17, 18, 20, 21, 22, 23, 24, 25, 27, 28, 31, 33]mmakibrtsfdvniuoouiyeaiiuikaemmakibrtsfdvn
INFO:root:32: aki == uoouiyeaiiuikaemmakibrtsfdvn
DEBUG:root:gotcha
INFO:root:[0,
 1,
 2,
 3,
 8,
 9,
 12,
 15,
 18,
 20,
 21,
 27,
 28,
 37,
 40,
 45,
 46,
 70,
 71,
 72,
 73,
 78,
 79,
 82,
 85,
 88,
 90,
 91,
 97]oaeepwhbaofrulpomjamuodfhsloebwqpmtbsizjuxfhqiitxnhmshydtzfxbqlmvbmwpwoaeepwhbaofrulpomjamuodfhslo
INFO:root:33: oa == epwhbaofrulpomjamuodfhsloebwqpmtbsizjuxfhqiitxnhmshydtzfxbqlmvbmwpwoaeepwhbaofrulpomjamuodfhslo
DEBUG:root:gotcha
INFO:root:[3,
 6,
 9,
 10,
 14,
 16,
 19,
 20,
 21,
 26,
 28,
 32,
 34,
 37,
 38,
 39,
 40,
 44,
 47,
 50,
 51,
 55,
 57,
 60,
 61,
 62,
 67,
 69,
 73,
 75]vpgaxtilzauphjibuvlooajnhfoyafbcekutqoeoivpgaxtilzauphjibuvlooajnhfoyafbcekutq
INFO:root:35: axti == uphjibuvlooajnhfoyafbcekutqoeoivpgaxtilzauphjibuvlooajnhfoyafbcekutq
DEBUG:root:gotcha
INFO:root:[1, 3, 4, 7, 9, 10]repeatrepeat
INFO:root:37: epe == trepeat
DEBUG:root:gotcha
INFO:root:[1, 2, 3, 11, 12, 13, 15, 16, 17]veeatlxzcqloioveeatlxzcql
INFO:root:38: ee == tlxzcqloioveeatlxzcql
DEBUG:root:gotcha
INFO:root:[8, 19, 25, 28, 29, 36, 37, 43, 60, 69, 80, 86, 89, 90]kthrtbjlowrnnjhfbpyongqhtefkaizgfwmnuuxjrcbawfsqhmydqkvshmysikthrtbjlowrnnjhfbpyongqhtefkaizgfwmn
INFO:root:39: owrnnjhfbpyo == fkaizgfwmnuuxjrcbawfsqhmydqkvshmysikthrtbjlowrnnjhfbpyongqhtefkaizgfwmn
DEBUG:root:gotcha
INFO:root:[0,
 4,
 7,
 10,
 11,
 12,
 13,
 15,
 16,
 17,
 18,
 19,
 20,
 21,
 22,
 23,
 24,
 26,
 27,
 28,
 29,
 30,
 31,
 32,
 33,
 34,
 35,
 37,
 38,
 39,
 40,
 41,
 44,
 45,
 46,
 47,
 48,
 49,
 50,
 51,
 52,
 54,
 58,
 61]ucgdahpazluaeeluioiiiueuanieuaiauuoedieeeevluaoaiuaoukucgdahpazl
INFO:root:41: ucgda == zluaeeluioiiiueuanieuaiauuoedieeeevluaoaiuaoukucgdahpazl
DEBUG:root:gotcha
INFO:root:[2,
 11,
 27,
 28,
 30,
 31,
 32,
 33,
 34,
 35,
 36,
 37,
 39,
 42,
 43,
 44,
 45,
 46,
 47,
 48,
 49,
 50,
 51,
 53,
 54,
 57,
 59,
 60,
 61,
 64,
 73]bpaxlvsltylussckptrbpxkxtdweileioeieiodujzeiuueeououyeinwuteiabpaxlvsltylussckptrbpxkxtd
INFO:root:42: axlvsltylu == ileioeieiodujzeiuueeououyeinwuteiabpaxlvsltylussckptrbpxkxtd
DEBUG:root:gotcha
INFO:root:[0, 4, 8, 14, 20, 26, 30, 34, 40, 46]abcdefghijklmnopqrstuvwxyzabcdefghijklmnopqrstuvwxyz
INFO:root:43: abcde == jklmnopqrstuvwxyzabcdefghijklmnopqrstuvwxyz
DEBUG:root:gotcha
INFO:root:[2,
 4,
 6,
 8,
 9,
 10,
 11,
 12,
 13,
 14,
 15,
 17,
 19,
 22,
 23,
 24,
 25,
 26,
 28,
 29,
 30,
 31,
 40,
 42,
 44,
 45,
 46,
 55,
 57,
 59,
 61,
 62,
 63,
 64,
 65,
 66,
 67,
 68,
 70,
 72,
 75,
 76,
 77,
 78,
 79,
 81,
 82,
 83,
 84]pyulaquyoiaoaoiuginaxqooueejiuoudydgxgbhunexaeofdprzwpyulaquyoiaoaoiuginaxqooueejiuoudydgxg
INFO:root:44: ula == yoiaoaoiuginaxqooueejiuoudydgxgbhunexaeofdprzwpyulaquyoiaoaoiuginaxqooueejiuoudydgxg
DEBUG:root:gotcha
INFO:root:[0,
 1,
 3,
 4,
 7,
 8,
 9,
 11,
 12,
 13,
 14,
 15,
 19,
 20,
 22,
 23,
 24,
 25,
 26,
 27,
 28,
 29,
 32,
 33,
 34,
 35,
 37,
 38,
 39,
 40,
 41,
 43,
 45,
 46,
 47,
 49,
 50,
 51,
 53,
 54,
 57,
 58,
 59,
 61,
 62,
 63,
 64,
 65,
 69,
 70,
 72,
 73,
 74,
 75,
 76,
 77,
 78,
 79,
 82,
 83,
 84,
 85,
 87,
 88,
 89,
 90,
 91,
 93,
 95,
 96,
 97]auheuxveeoyiaaaepwnuuliaiioioedzooeiquuuuawaxieuquauheuxveeoyiaaaepwnuuliaiioioedzooeiquuuuawaxieuq
INFO:root:45: au == uxveeoyiaaaepwnuuliaiioioedzooeiquuuuawaxieuquauheuxveeoyiaaaepwnuuliaiioioedzooeiquuuuawaxieuq
DEBUG:root:gotcha
INFO:root:[1, 3, 22, 77, 79]wonetcnrlkwkknjpqdwrbyulkcshxzjlnmrlptftqpfpddcvbmcnnjlglyhgbrxjrvykhpfcfnwtwone
INFO:root:47: one == lkcshxzjlnmrlptftqpfpddcvbmcnnjlglyhgbrxjrvykhpfcfnwtwone
DEBUG:root:gotcha
INFO:root:[3,
 4,
 5,
 6,
 7,
 8,
 11,
 15,
 18,
 19,
 21,
 24,
 26,
 27,
 28,
 30,
 31,
 35,
 37,
 38,
 41,
 43,
 44,
 45,
 48,
 49,
 50,
 51,
 53,
 54,
 57,
 58,
 59,
 64,
 65,
 66,
 67,
 68,
 69,
 72,
 76,
 79,
 80,
 82,
 85,
 87,
 88,
 89]bqvuuiouotsowpzepnaimoxjiyueijoemmteruehfugueilciiooceiksioizbqvuuiouotsowpzepnaimoxjiyueij
INFO:root:48: uu == ouotsowpzepnaimoxjiyueijoemmteruehfugueilciiooceiksioizbqvuuiouotsowpzepnaimoxjiyueij
DEBUG:root:gotcha
INFO:root:[0, 2, 3, 5, 9, 10, 11, 13, 14, 15, 19, 21, 22]oleusigsjeiijauaydsoleu
INFO:root:49: ole == sigsjeiijauaydsoleu
DEBUG:root:gotcha
INFO:root:[0,
 3,
 4,
 5,
 6,
 7,
 8,
 9,
 10,
 11,
 15,
 16,
 17,
 18,
 19,
 20,
 22,
 24,
 26,
 27,
 28,
 31,
 32,
 33,
 34,
 35,
 36,
 37,
 38,
 39,
 43,
 44,
 45,
 46,
 47]ahqoioiiaeialxpiaeaoiqagedauahqoioiiaeialxpiaeao
INFO:root:50: ahqo == oiiaeialxpiaeaoiqagedauahqoioiiaeialxpiaeao
DEBUG:root:gotcha
INFO:root:[0, 1, 2, 3, 4]aauaa
INFO:root:52: aa == aa
DEBUG:root:gotcha
INFO:root:[0, 1, 2, 3, 4]eeeee
INFO:root:54: ee == ee
DEBUG:root:gotcha
INFO:root:[0,
 3,
 4,
 5,
 9,
 10,
 12,
 15,
 20,
 26,
 28,
 30,
 31,
 32,
 33,
 35,
 36,
 37,
 38,
 39,
 40,
 41,
 42,
 43,
 44,
 45,
 46,
 47,
 48,
 49,
 50,
 51,
 52,
 53,
 54,
 55,
 56,
 57,
 58,
 61,
 62,
 63,
 67,
 68,
 70,
 73,
 78,
 84,
 86,
 88,
 89,
 90,
 91,
 93,
 94,
 95]acreeicmsoiyolxeqmdfezxhrkedoreeauziaeoioeuuieaoauoiiioiiuacreeicmsoiyolxeqmdfezxhrkedoreeauziae
INFO:root:55: acre == icmsoiyolxeqmdfezxhrkedoreeauziaeoioeuuieaoauoiiioiiuacreeicmsoiyolxeqmdfezxhrkedoreeauziae
DEBUG:root:gotcha
INFO:root:[95, 96, 97, 98, 99]zzzzzzzzzzzzzzzzzzzzzzzzzzzzzzzzzzzzzzzzzzzzzzzzzzzzzzzzzzzzzzzzzzzzzzzzzzzzzzzzzzzzzzzzzzzzzzzaaaaa
INFO:root:57: aa == aa
DEBUG:root:gotcha
INFO:root:[30, 33, 35, 37, 40]zzzzzzzzzzzzzzzzzzzzzzzzzzzzzzabracadabrazzzzzzzzzzzzzzzzzzzzzzzzzzzzzz
INFO:root:59: abra == dabrazzzzzzzzzzzzzzzzzzzzzzzzzzzzzz
DEBUG:root:gotcha
INFO:root:[1,
 2,
 3,
 4,
 5,
 6,
 7,
 8,
 9,
 10,
 11,
 12,
 13,
 14,
 15,
 16,
 17,
 18,
 19,
 20,
 21,
 22,
 23,
 25,
 26,
 27,
 28,
 29,
 30,
 31,
 32,
 34,
 35,
 37,
 38,
 39,
 41,
 43,
 45,
 52,
 53,
 59,
 62,
 63,
 64,
 66,
 68,
 69,
 70,
 71,
 72,
 73,
 74,
 75,
 76,
 77,
 78,
 79,
 80,
 81,
 82,
 83,
 84,
 85,
 86,
 87,
 88,
 89,
 90,
 92,
 93,
 94,
 95,
 96,
 97,
 98,
 99]beiauuueoeeiaeuoeiieaaaucuouiiueamaubuuaxokawuntndhzaoptdnxumxaiacibeiauuueoeeiaeuoeiieaaaucuouiiuea
INFO:root:61: ei == uuueoeeiaeuoeiieaaaucuouiiueamaubuuaxokawuntndhzaoptdnxumxaiacibeiauuueoeeiaeuoeiieaaaucuouiiuea
DEBUG:root:gotcha
INFO:root:[0, 1, 2, 3, 4, 5, 6, 7, 8, 9, 10]aaaaaaaaaaa
INFO:root:65: aa == aaaaaaaa
DEBUG:root:gotcha
INFO:root:[0,
 1,
 2,
 4,
 6,
 8,
 11,
 13,
 14,
 15,
 18,
 21,
 22,
 23,
 25,
 26,
 29,
 31,
 32,
 33,
 34,
 35,
 36,
 37,
 38,
 39,
 40,
 41,
 42,
 43,
 44,
 45,
 46,
 48,
 50,
 52,
 55,
 57,
 58,
 59,
 62,
 65,
 66,
 67,
 69,
 70,
 73,
 75,
 76]eoilepuzaxlumeeuhdijhioiwaothibiaauueaeioeeeeoilepuzaxlumeeuhdijhioiwaothibia
INFO:root:68: eo == lepuzaxlumeeuhdijhioiwaothibiaauueaeioeeeeoilepuzaxlumeeuhdijhioiwaothibia
DEBUG:root:gotcha
INFO:root:[1, 3, 9, 10, 18, 25, 28, 30]xemenwbyduiqbjlymbavsvkvzabxeme
INFO:root:69: eme == iqbjlymbavsvkvzabxeme
DEBUG:root:gotcha
INFO:root:[0, 1, 3, 5, 6, 8, 43, 48, 55, 56, 58, 60, 61]iedevoidibzmrlxwylnpvzwsblcxydgbfglygrvsngkoxwxtibdpxrgiedevoi
INFO:root:70: ie == voidibzmrlxwylnpvzwsblcxydgbfglygrvsngkoxwxtibdpxrgiedevoi
DEBUG:root:gotcha
INFO:root:[0, 1, 2, 3, 4]ooooo
INFO:root:71: oo == oo
DEBUG:root:gotcha
INFO:root:[0,
 1,
 2,
 3,
 4,
 5,
 7,
 8,
 9,
 10,
 11,
 12,
 13,
 14,
 15,
 16,
 17,
 18,
 19,
 20,
 21,
 22,
 23,
 24,
 25,
 26,
 27,
 28,
 29,
 30,
 31,
 32,
 33,
 34,
 35,
 37,
 38,
 39,
 40,
 41,
 42,
 43,
 44,
 45,
 46,
 47,
 48,
 49,
 50,
 51,
 52,
 53,
 54,
 55,
 56,
 58,
 59,
 60,
 61,
 62,
 63,
 64,
 65,
 66,
 67,
 68,
 69,
 70,
 71,
 72,
 73,
 74,
 75,
 76,
 77,
 78,
 79,
 80,
 81,
 82,
 83,
 84,
 85,
 86,
 88,
 89,
 90,
 91,
 92,
 93,
 94,
 95,
 96,
 97,
 98,
 99]ouuaaoqaeiiouaoueuoiuoouoiiouuiouuuiceooiuoeeiauuaaouuaaoqaeiiouaoueuoiuoouoiiouuiouuuiceooiuoeeiauu
INFO:root:72: ou == aaoqaeiiouaoueuoiuoouoiiouuiouuuiceooiuoeeiauuaaouuaaoqaeiiouaoueuoiuoouoiiouuiouuuiceooiuoeeiauu
DEBUG:root:gotcha
INFO:root:[1, 3, 5, 7, 9]yadayadada
INFO:root:73: ada == dada
DEBUG:root:gotcha
INFO:root:[0,
 1,
 2,
 3,
 4,
 6,
 7,
 8,
 9,
 10,
 11,
 12,
 13,
 14,
 15,
 16,
 17,
 18,
 19,
 20,
 21,
 22,
 23,
 24,
 25,
 26,
 27,
 28,
 29,
 30,
 31,
 33,
 34,
 35,
 36,
 37,
 38,
 39,
 40,
 42,
 43,
 44,
 45,
 46,
 47,
 48,
 50,
 51,
 52,
 53,
 54,
 55,
 56,
 57,
 58,
 59,
 60,
 61,
 62,
 63,
 64,
 65,
 66,
 67,
 68,
 69,
 70,
 71,
 72,
 73,
 74,
 75,
 77,
 78,
 79]uoeoorooaieaioeoaiuiauioeeauoiuuxieiooaoutuauoeoorooaieaioeoaiuiauioeeauoiuuxiei
INFO:root:75: uo == oorooaieaioeoaiuiauioeeauoiuuxieiooaoutuauoeoorooaieaioeoaiuiauioeeauoiuuxiei
DEBUG:root:gotcha
INFO:root:[0, 1, 2, 3, 4]iiiii
INFO:root:76: ii == ii
DEBUG:root:gotcha
INFO:root:[0, 1, 2, 3, 4]auaau
INFO:root:77: au == au
DEBUG:root:gotcha
INFO:root:[0, 1, 2, 3, 4]aaaaa
INFO:root:78: aa == aa
DEBUG:root:gotcha
INFO:root:[0,
 1,
 2,
 3,
 4,
 5,
 6,
 7,
 8,
 9,
 10,
 11,
 12,
 13,
 14,
 15,
 16,
 18,
 19,
 20,
 21,
 22,
 23,
 24,
 25,
 26,
 27,
 28,
 29,
 30,
 31,
 32,
 33,
 34,
 35,
 36,
 37,
 39,
 40,
 41,
 42,
 43,
 44,
 45,
 46,
 47,
 48,
 49,
 50,
 51,
 52,
 53,
 54,
 55,
 56,
 57,
 59,
 60,
 61,
 62]uaaaaoeiaoueoouoevuueoaaiiuooooooeuioobaauaaaaoeiaoueoouoevuueo
INFO:root:79: ua == aaoeiaoueoouoevuueoaaiiuooooooeuioobaauaaaaoeiaoueoouoevuueo
DEBUG:root:gotcha
INFO:root:[1, 2, 3, 4, 5, 6, 7, 8, 9, 10, 11, 12, 13, 14, 15, 18, 19, 20, 21, 22]cueaueeuioeuaioebcueaue
INFO:root:80: ue == ueeuioeuaioebcueaue
DEBUG:root:gotcha
INFO:root:[0,
 1,
 2,
 3,
 4,
 5,
 6,
 7,
 8,
 9,
 12,
 14,
 15,
 16,
 17,
 21,
 22,
 25,
 27,
 28,
 29,
 30,
 32,
 33,
 35,
 36,
 40,
 41,
 44,
 45,
 46,
 49,
 51,
 53,
 54,
 56,
 57,
 60,
 63,
 64,
 65,
 66,
 67,
 68,
 69,
 70,
 71]iiaiaeuauejbukeuuikzbeuwqayueoavoohuefzjoodsoiibkokokuadiamsamkiiaiaeuau
INFO:root:81: ii == iaeuauejbukeuuikzbeuwqayueoavoohuefzjoodsoiibkokokuadiamsamkiiaiaeuau
DEBUG:root:gotcha
INFO:root:[0,
 1,
 2,
 3,
 4,
 5,
 6,
 8,
 10,
 11,
 12,
 13,
 14,
 15,
 16,
 17,
 18,
 19,
 21,
 23,
 25,
 27,
 28,
 29,
 30,
 31,
 33,
 34,
 35,
 36,
 37,
 38,
 39,
 40,
 42,
 44,
 45,
 46,
 47,
 48,
 49,
 50,
 51,
 52,
 53,
 55,
 57,
 59,
 61,
 62,
 63,
 64,
 65]uaaeeeovuhaaieioiaiarotodijaiuiamuuaaeeeovuhaaieioiaiarotodijaiuia
INFO:root:82: ua == eeeovuhaaieioiaiarotodijaiuiamuuaaeeeovuhaaieioiaiarotodijaiuia
DEBUG:root:gotcha
INFO:root:[0,
 2,
 3,
 4,
 6,
 7,
 8,
 11,
 13,
 14,
 19,
 20,
 21,
 23,
 24,
 26,
 31,
 32,
 33,
 34,
 35,
 36,
 37,
 38,
 41,
 42,
 43,
 44,
 47,
 48,
 52,
 53,
 54,
 56,
 57,
 58,
 60,
 61,
 62,
 65,
 67,
 68,
 73,
 74,
 75,
 77,
 78,
 80,
 85,
 86,
 87,
 88,
 89,
 90,
 91,
 92,
 95,
 96,
 97,
 98]azoeecoiabsatiedjhxiaevoeyakmtseooeueuucbaaaemcaultmoiazoeecoiabsatiedjhxiaevoeyakmtseooeueuucbaaaem
INFO:root:83: azo == ecoiabsatiedjhxiaevoeyakmtseooeueuucbaaaemcaultmoiazoeecoiabsatiedjhxiaevoeyakmtseooeueuucbaaaem
DEBUG:root:gotcha
INFO:root:[1,
 2,
 3,
 4,
 6,
 7,
 11,
 12,
 13,
 14,
 15,
 16,
 23,
 25,
 26,
 38,
 39,
 42,
 44,
 47,
 48,
 49,
 50,
 52,
 53,
 57,
 58,
 59,
 60,
 61,
 62,
 69,
 71,
 72,
 84,
 85]tioealaobhhoioaiibtvrmroruacznjlbjrpdjuahsanumtioealaobhhoioaiibtvrmroruacznjlbjrpdjua
INFO:root:84: io == alaobhhoioaiibtvrmroruacznjlbjrpdjuahsanumtioealaobhhoioaiibtvrmroruacznjlbjrpdjua
DEBUG:root:gotcha
INFO:root:[3,
 5,
 6,
 7,
 8,
 11,
 13,
 14,
 17,
 20,
 21,
 22,
 31,
 32,
 33,
 34,
 35,
 36,
 37,
 38,
 39,
 40,
 41,
 42,
 45,
 46,
 49,
 50,
 51,
 52,
 53,
 54,
 58,
 60,
 61,
 62,
 63,
 66,
 68,
 69,
 72,
 75,
 76,
 77]zgxujeeiulzepeaywowpeuuhwcbcpxroiooiuieaoiaqzoivkaauouozgxujeeiulzepeaywowpeuuhwcb
INFO:root:85: uje == iulzepeaywowpeuuhwcbcpxroiooiuieaoiaqzoivkaauouozgxujeeiulzepeaywowpeuuhwcb
DEBUG:root:gotcha
INFO:root:[1, 3, 6, 8, 10, 13, 15]kajabbamajabbajab
INFO:root:86: aja == majabbajab
DEBUG:root:gotcha
INFO:root:[0,
 2,
 5,
 8,
 10,
 14,
 15,
 17,
 18,
 23,
 24,
 26,
 30,
 32,
 36,
 40,
 42,
 43,
 44,
 45,
 49,
 54,
 56,
 59,
 62,
 64,
 68,
 69,
 71,
 72,
 77,
 78,
 80,
 84,
 86,
 90,
 94,
 96,
 97,
 98,
 99]ubuzdaykokaqfdeubaedkrseujogfzodamfzuqxyazioaayjhuljtvubuzdaykokaqfdeubaedkrseujogfzodamfzuqxyazioaa
INFO:root:87: ubu == ykokaqfdeubaedkrseujogfzodamfzuqxyazioaayjhuljtvubuzdaykokaqfdeubaedkrseujogfzodamfzuqxyazioaa
DEBUG:root:gotcha
INFO:root:[0, 1, 2, 3, 4]aaaaazzzzzzzzzzzzzzzzzzzzzzzzzzzzzzzzzzzzzzzzzzzzzzzzzzzzzzzzzzzzzzzzzzzzzzzzzzzzzzzzzzzzzzzzzzzzzzz
INFO:root:88: aa == aazzzzzzzzzzzzzzzzzzzzzzzzzzzzzzzzzzzzzzzzzzzzzzzzzzzzzzzzzzzzzzzzzzzzzzzzzzzzzzzzzzzzzzzzzzzzzzz
DEBUG:root:gotcha
INFO:root:[0,
 1,
 2,
 3,
 4,
 5,
 6,
 7,
 8,
 9,
 10,
 11,
 12,
 13,
 14,
 15,
 16,
 17,
 18,
 19,
 20,
 21,
 22,
 23,
 24,
 25,
 26,
 27,
 28,
 29,
 30,
 31,
 32,
 33,
 34,
 35,
 36,
 37,
 38,
 39,
 40,
 41,
 42,
 43,
 44,
 45,
 46,
 47,
 48,
 49,
 50,
 51,
 52,
 53,
 54,
 55,
 56,
 57,
 58,
 59,
 60,
 61,
 62,
 63,
 64,
 65,
 66,
 67,
 68,
 69,
 70,
 71,
 72,
 73,
 74,
 75,
 76,
 77,
 78,
 79,
 80,
 81,
 82,
 83,
 84,
 85,
 86,
 87,
 88,
 89,
 90,
 91,
 92,
 93,
 94,
 95,
 96,
 97,
 98,
 99]aaaaaaaaaaaaaaaaaaaaaaaaaaaaaaaaaaaaaaaaaaaaaaaaaaaaaaaaaaaaaaaaaaaaaaaaaaaaaaaaaaaaaaaaaaaaaaaaaaaa
INFO:root:89: aa == aaaaaaaaaaaaaaaaaaaaaaaaaaaaaaaaaaaaaaaaaaaaaaaaaaaaaaaaaaaaaaaaaaaaaaaaaaaaaaaaaaaaaaaaaaaaaaaaa
DEBUG:root:gotcha
INFO:root:[0,
 1,
 3,
 4,
 7,
 8,
 9,
 11,
 12,
 13,
 14,
 15,
 16,
 17,
 18,
 19,
 22,
 23,
 24,
 25,
 27,
 29,
 30,
 31,
 32,
 34,
 35,
 37,
 38,
 39,
 40,
 41,
 42,
 43,
 44,
 46,
 47,
 48,
 49,
 51,
 52,
 55,
 56,
 57,
 59,
 60,
 61,
 62,
 63,
 64,
 65,
 66,
 67,
 70,
 71,
 72,
 73,
 75,
 77,
 78,
 79,
 80,
 82,
 83,
 85,
 86,
 87,
 88,
 89,
 90]eenoatciiomiiioaoaaetmuuoosazouaikiojeieuieoucaieenoatciiomiiioaoaaetmuuoosazouaikiojeieuie
INFO:root:90: ee == atciiomiiioaoaaetmuuoosazouaikiojeieuieoucaieenoatciiomiiioaoaaetmuuoosazouaikiojeieuie
DEBUG:root:gotcha
INFO:root:[6,
 7,
 17,
 18,
 19,
 20,
 21,
 23,
 24,
 25,
 26,
 27,
 28,
 32,
 34,
 35,
 36,
 38,
 39,
 44,
 48,
 49,
 52,
 53,
 54,
 62,
 63,
 73]hspftweeqchrzxbbyueiauviouiuijlgebaeuwiaxslcicjbiekcuiothspftweeqchrzxbbyu
INFO:root:91: ee == eiauviouiuijlgebaeuwiaxslcicjbiekcuiothspftweeqchrzxbbyu
DEBUG:root:gotcha
INFO:root:[0, 48, 49, 50, 98]uxxxxxxxxxxxxxxxxxxxxxxxxxxxxxxxxxxxxxxxxxxxxxxxieuxxxxxxxxxxxxxxxxxxxxxxxxxxxxxxxxxxxxxxxxxxxxxxti
INFO:root:92: uxxxxxxxxxxxxxxxxxxxxxxxxxxxxxxxxxxxxxxxxxxxxxxxi == uxxxxxxxxxxxxxxxxxxxxxxxxxxxxxxxxxxxxxxxxxxxxxxti
INFO:root:92: ie == xxxxxxxxxxxxxxxxxxxxxxxxxxxxxxxxxxxxxxxxxxxxxxti
INFO:root:[1,
 2,
 3,
 7,
 9,
 10,
 15,
 16,
 19,
 20,
 24,
 26,
 29,
 36,
 37,
 42,
 43,
 46,
 52,
 54,
 59,
 66,
 67,
 68,
 72,
 74,
 75,
 80,
 81,
 84,
 85,
 89,
 91,
 94]laaovhhawiihfqkuetxiobgjuniznahmrptfoanmtbeixdukbwjpazuvbnfakljxklaaovhhawiihfqkuetxiobgjunizna
INFO:root:94: aa == vhhawiihfqkuetxiobgjuniznahmrptfoanmtbeixdukbwjpazuvbnfakljxklaaovhhawiihfqkuetxiobgjunizna
DEBUG:root:gotcha
INFO:root:[0,
 1,
 2,
 3,
 4,
 5,
 6,
 7,
 8,
 10,
 12,
 13,
 14,
 19,
 20,
 22,
 24,
 25,
 27,
 28,
 29,
 30,
 32,
 37,
 38,
 41,
 42,
 43,
 44,
 45,
 46,
 47,
 48,
 49]eaooooioocuwauevmstiowiteiziueoqilbkjaorhueaooooio
INFO:root:97: ea == oooioocuwauevmstiowiteiziueoqilbkjaorhueaooooio
DEBUG:root:gotcha
INFO:root:[0, 3, 5, 7, 10]abracadabra
INFO:root:98: abra == dabra
DEBUG:root:gotcha
INFO:root:[0,
 1,
 2,
 3,
 4,
 8,
 10,
 11,
 13,
 15,
 16,
 17,
 18,
 20,
 22,
 23,
 25,
 27,
 28,
 30,
 32,
 33,
 35,
 36,
 37,
 38]uauooltfemouwuloauuviyeeququubeyaonuauo
INFO:root:99: ua == ooltfemouwuloauuviyeeququubeyaonuauo
DEBUG:root:gotcha
